生成启动时间为 01/05/2015 12:33:05。
     1>项目“E:\projects\CNN_version_3\CNN_version_3\CNN_version_3.vcxproj”在节点 2 上(build 个目标)。
     1>InitializeBuildStatus:
         正在对“Debug\CNN_version_3.unsuccessfulbuild”执行 Touch 任务。
       ClCompile:
         所有输出均为最新。
       Link:
         G:\installer\vs 2010\VC\bin\link.exe /ERRORREPORT:PROMPT /OUT:"E:\projects\CNN_version_3\Debug\CNN_version_3.exe" /INCREMENTAL /NOLOGO opencv_calib3d2410d.lib opencv_contrib2410d.lib opencv_core2410d.lib opencv_features2d2410d.lib opencv_flann2410d.lib opencv_gpu2410d.lib opencv_highgui2410d.lib opencv_imgproc2410d.lib opencv_legacy2410d.lib opencv_ml2410d.lib opencv_nonfree2410d.lib opencv_objdetect2410d.lib opencv_photo2410d.lib opencv_stitching2410d.lib opencv_ts2410d.lib opencv_video2410d.lib opencv_videostab2410d.lib opencv_calib3d2410.lib opencv_contrib2410.lib opencv_core2410.lib opencv_features2d2410.lib opencv_flann2410.lib opencv_gpu2410.lib opencv_highgui2410.lib opencv_imgproc2410.lib opencv_legacy2410.lib opencv_ml2410.lib opencv_nonfree2410.lib opencv_objdetect2410.lib opencv_photo2410.lib opencv_stitching2410.lib opencv_ts2410.lib opencv_video2410.lib opencv_videostab2410.lib kernel32.lib user32.lib gdi32.lib winspool.lib comdlg32.lib advapi32.lib shell32.lib ole32.lib oleaut32.lib uuid.lib odbc32.lib odbccp32.lib /MANIFEST /ManifestFile:"Debug\CNN_version_3.exe.intermediate.manifest" /MANIFESTUAC:"level='asInvoker' uiAccess='false'" /DEBUG /PDB:"E:\projects\CNN_version_3\Debug\CNN_version_3.pdb" /SUBSYSTEM:CONSOLE /TLBID:1 /DYNAMICBASE /NXCOMPAT /IMPLIB:"E:\projects\CNN_version_3\Debug\CNN_version_3.lib" /MACHINE:X86 Debug\CNN.obj
         Debug\Layer.obj
         Debug\main.obj
         Debug\util.obj
         CNN_version_3.vcxproj -> E:\projects\CNN_version_3\Debug\CNN_version_3.exe
       Manifest:
         C:\Program Files (x86)\Microsoft SDKs\Windows\v7.0A\bin\mt.exe /nologo /verbose /out:"E:\projects\CNN_version_3\Debug\CNN_version_3.exe.manifest" /manifest Debug\CNN_version_3.exe.intermediate.manifest
       FinalizeBuildStatus:
         正在删除文件“Debug\CNN_version_3.unsuccessfulbuild”。
         正在对“Debug\CNN_version_3.lastbuildstate”执行 Touch 任务。
     1>已完成生成项目“E:\projects\CNN_version_3\CNN_version_3\CNN_version_3.vcxproj”(build 个目标)的操作。

生成成功。

已用时间 00:00:01.77
